#
# There is insufficient memory for the Java Runtime Environment to continue.
# Native memory allocation (malloc) failed to allocate 1107232 bytes. Error detail: Chunk::new
# Possible reasons:
#   The system is out of physical RAM or swap space
#   This process is running with CompressedOops enabled, and the Java Heap may be blocking the growth of the native heap
# Possible solutions:
#   Reduce memory load on the system
#   Increase physical memory or swap space
#   Check if swap backing store is full
#   Decrease Java heap size (-Xmx/-Xms)
#   Decrease number of Java threads
#   Decrease Java thread stack sizes (-Xss)
#   Set larger code cache with -XX:ReservedCodeCacheSize=
#   JVM is running with Unscaled Compressed Oops mode in which the Java heap is
#     placed in the first 4GB address space. The Java Heap base address is the
#     maximum limit for the native heap growth. Please use -XX:HeapBaseMinAddress
#     to set the Java Heap base and to place the Java Heap above 4GB virtual address.
# This output file may be truncated or incomplete.
#
#  Out of Memory Error (arena.cpp:191), pid=13036, tid=16572
#
# JRE version: OpenJDK Runtime Environment (17.0.11) (build 17.0.11+0--11852314)
# Java VM: OpenJDK 64-Bit Server VM (17.0.11+0--11852314, mixed mode, tiered, compressed oops, compressed class ptrs, g1 gc, windows-amd64)
# No core dump will be written. Minidumps are not enabled by default on client versions of Windows
#

---------------  S U M M A R Y ------------

Command Line: --add-opens=java.base/java.util=ALL-UNNAMED --add-opens=java.base/java.lang=ALL-UNNAMED --add-opens=java.base/java.lang.invoke=ALL-UNNAMED --add-opens=java.prefs/java.util.prefs=ALL-UNNAMED --add-opens=java.base/java.nio.charset=ALL-UNNAMED --add-opens=java.base/java.net=ALL-UNNAMED --add-opens=java.base/java.util.concurrent.atomic=ALL-UNNAMED -Xmx2048m -Dfile.encoding=UTF-8 -Duser.country=AR -Duser.language=es -Duser.variant -javaagent:C:\Users\Usuario\.gradle\wrapper\dists\gradle-8.7-bin\bhs2wmbdwecv87pi65oeuq5iu\gradle-8.7\lib\agents\gradle-instrumentation-agent-8.7.jar org.gradle.launcher.daemon.bootstrap.GradleDaemon 8.7

Host: AMD Athlon(tm) 5350 APU with Radeon(tm) R3     , 4 cores, 7G,  Windows 10 , 64 bit Build 19041 (10.0.19041.4957)
Time: Mon Oct 28 19:19:20 2024 Hora estándar de Argentina elapsed time: 116.548933 seconds (0d 0h 1m 56s)

---------------  T H R E A D  ---------------

Current thread (0x0000027ab101c340):  JavaThread "C2 CompilerThread0" daemon [_thread_in_native, id=16572, stack(0x000000fec4600000,0x000000fec4700000)]


Current CompileTask:
C2: 116549 6989       4       java.lang.invoke.MethodType::makeImpl (109 bytes)

Stack: [0x000000fec4600000,0x000000fec4700000]
Native frames: (J=compiled Java code, j=interpreted, Vv=VM code, C=native code)
V  [jvm.dll+0x687bb9]
V  [jvm.dll+0x84142a]
V  [jvm.dll+0x8430ae]
V  [jvm.dll+0x843713]
V  [jvm.dll+0x24a35f]
V  [jvm.dll+0xac544]
V  [jvm.dll+0xacb8c]
V  [jvm.dll+0x369c37]
V  [jvm.dll+0x1be126]
V  [jvm.dll+0x21c029]
V  [jvm.dll+0x21b311]
V  [jvm.dll+0x1a63ed]
V  [jvm.dll+0x22b1ee]
V  [jvm.dll+0x229375]
V  [jvm.dll+0x7f5647]
V  [jvm.dll+0x7efa4a]
V  [jvm.dll+0x686a35]
C  [ucrtbase.dll+0x21bb2]
C  [KERNEL32.DLL+0x17374]
C  [ntdll.dll+0x4cc91]


---------------  P R O C E S S  ---------------

Threads class SMR info:
_java_thread_list=0x0000027ab3dd7b10, length=39, elements={
0x0000027a936be8d0, 0x0000027aacc9f550, 0x0000027aacca07e0, 0x0000027aaccc1af0,
0x0000027aaccc23c0, 0x0000027aaccc2c90, 0x0000027aaccc3560, 0x0000027ab101c340,
0x0000027ab101ec60, 0x0000027ab101f570, 0x0000027aacc18880, 0x0000027ab12be5f0,
0x0000027ab3601440, 0x0000027ab2af87d0, 0x0000027ab3c797f0, 0x0000027ab2d082a0,
0x0000027ab276a080, 0x0000027ab2e3b840, 0x0000027ab276a930, 0x0000027ab2176f00,
0x0000027ab14a10b0, 0x0000027ab14a1ad0, 0x0000027ab14a24f0, 0x0000027ab14a3e40,
0x0000027ab14a2a00, 0x0000027ab14a3930, 0x0000027ab14a2f10, 0x0000027ab14a4350,
0x0000027ab1be48d0, 0x0000027ab1be1b40, 0x0000027ab1be5d10, 0x0000027ab1be4de0,
0x0000027ab1be0c10, 0x0000027ab1be43c0, 0x0000027ab1be6730, 0x0000027ab1be2050,
0x0000027ab1bdf2c0, 0x0000027ab1be2f80, 0x0000027ab1be3490
}

Java Threads: ( => current thread )
  0x0000027a936be8d0 JavaThread "main" [_thread_blocked, id=12584, stack(0x000000fec3900000,0x000000fec3a00000)]
  0x0000027aacc9f550 JavaThread "Reference Handler" daemon [_thread_blocked, id=11748, stack(0x000000fec4000000,0x000000fec4100000)]
  0x0000027aacca07e0 JavaThread "Finalizer" daemon [_thread_blocked, id=4592, stack(0x000000fec4100000,0x000000fec4200000)]
  0x0000027aaccc1af0 JavaThread "Signal Dispatcher" daemon [_thread_blocked, id=11704, stack(0x000000fec4200000,0x000000fec4300000)]
  0x0000027aaccc23c0 JavaThread "Attach Listener" daemon [_thread_blocked, id=8688, stack(0x000000fec4300000,0x000000fec4400000)]
  0x0000027aaccc2c90 JavaThread "Service Thread" daemon [_thread_blocked, id=10952, stack(0x000000fec4400000,0x000000fec4500000)]
  0x0000027aaccc3560 JavaThread "Monitor Deflation Thread" daemon [_thread_blocked, id=7484, stack(0x000000fec4500000,0x000000fec4600000)]
=>0x0000027ab101c340 JavaThread "C2 CompilerThread0" daemon [_thread_in_native, id=16572, stack(0x000000fec4600000,0x000000fec4700000)]
  0x0000027ab101ec60 JavaThread "C1 CompilerThread0" daemon [_thread_blocked, id=7916, stack(0x000000fec4700000,0x000000fec4800000)]
  0x0000027ab101f570 JavaThread "Sweeper thread" daemon [_thread_blocked, id=9764, stack(0x000000fec4800000,0x000000fec4900000)]
  0x0000027aacc18880 JavaThread "Common-Cleaner" daemon [_thread_blocked, id=11156, stack(0x000000fec4900000,0x000000fec4a00000)]
  0x0000027ab12be5f0 JavaThread "Notification Thread" daemon [_thread_blocked, id=16260, stack(0x000000fec4a00000,0x000000fec4b00000)]
  0x0000027ab3601440 JavaThread "Daemon health stats" [_thread_blocked, id=16756, stack(0x000000fec4f00000,0x000000fec5000000)]
  0x0000027ab2af87d0 JavaThread "Incoming local TCP Connector on port 64016" [_thread_in_native, id=13088, stack(0x000000fec5000000,0x000000fec5100000)]
  0x0000027ab3c797f0 JavaThread "Daemon periodic checks" [_thread_blocked, id=1364, stack(0x000000fec5100000,0x000000fec5200000)]
  0x0000027ab2d082a0 JavaThread "Daemon" [_thread_blocked, id=11664, stack(0x000000fec5200000,0x000000fec5300000)]
  0x0000027ab276a080 JavaThread "Handler for socket connection from /127.0.0.1:64016 to /127.0.0.1:64024" [_thread_in_native, id=14616, stack(0x000000fec5300000,0x000000fec5400000)]
  0x0000027ab2e3b840 JavaThread "Cancel handler" [_thread_blocked, id=16664, stack(0x000000fec5400000,0x000000fec5500000)]
  0x0000027ab276a930 JavaThread "Daemon worker" [_thread_in_Java, id=8072, stack(0x000000fec5500000,0x000000fec5600000)]
  0x0000027ab2176f00 JavaThread "Asynchronous log dispatcher for DefaultDaemonConnection: socket connection from /127.0.0.1:64016 to /127.0.0.1:64024" [_thread_blocked, id=14744, stack(0x000000fec5600000,0x000000fec5700000)]
  0x0000027ab14a10b0 JavaThread "Stdin handler" [_thread_blocked, id=2892, stack(0x000000fec5700000,0x000000fec5800000)]
  0x0000027ab14a1ad0 JavaThread "Daemon client event forwarder" [_thread_blocked, id=14564, stack(0x000000fec5800000,0x000000fec5900000)]
  0x0000027ab14a24f0 JavaThread "Cache worker for journal cache (C:\Users\Usuario\.gradle\caches\journal-1)" [_thread_blocked, id=16076, stack(0x000000fec5900000,0x000000fec5a00000)]
  0x0000027ab14a3e40 JavaThread "File lock request listener" [_thread_in_native, id=15140, stack(0x000000fec5a00000,0x000000fec5b00000)]
  0x0000027ab14a2a00 JavaThread "Cache worker for file hash cache (C:\Users\Usuario\.gradle\caches\8.7\fileHashes)" [_thread_blocked, id=1108, stack(0x000000fec5b00000,0x000000fec5c00000)]
  0x0000027ab14a3930 JavaThread "Cache worker for file hash cache (C:\Users\Usuario\AndroidStudioProjects\HoroscApp2\.gradle\8.7\fileHashes)" [_thread_blocked, id=8232, stack(0x000000fec5e00000,0x000000fec5f00000)]
  0x0000027ab14a2f10 JavaThread "File watcher server" daemon [_thread_in_native, id=5664, stack(0x000000fec5f00000,0x000000fec6000000)]
  0x0000027ab14a4350 JavaThread "File watcher consumer" daemon [_thread_blocked, id=16844, stack(0x000000fec6000000,0x000000fec6100000)]
  0x0000027ab1be48d0 JavaThread "Cache worker for checksums cache (C:\Users\Usuario\AndroidStudioProjects\HoroscApp2\.gradle\8.7\checksums)" [_thread_blocked, id=6920, stack(0x000000fec3600000,0x000000fec3700000)]
  0x0000027ab1be1b40 JavaThread "Cache worker for cache directory md-supplier (C:\Users\Usuario\.gradle\caches\8.7\md-supplier)" [_thread_blocked, id=9124, stack(0x000000fec3700000,0x000000fec3800000)]
  0x0000027ab1be5d10 JavaThread "Cache worker for cache directory md-rule (C:\Users\Usuario\.gradle\caches\8.7\md-rule)" [_thread_blocked, id=16300, stack(0x000000fec3800000,0x000000fec3900000)]
  0x0000027ab1be4de0 JavaThread "Cache worker for file content cache (C:\Users\Usuario\.gradle\caches\8.7\fileContent)" [_thread_blocked, id=16340, stack(0x000000fec6100000,0x000000fec6200000)]
  0x0000027ab1be0c10 JavaThread "Cache worker for Build Output Cleanup Cache (C:\Users\Usuario\AndroidStudioProjects\HoroscApp2\.gradle\buildOutputCleanup)" [_thread_blocked, id=2380, stack(0x000000fec6200000,0x000000fec6300000)]
  0x0000027ab1be43c0 JavaThread "Unconstrained build operations" [_thread_blocked, id=11488, stack(0x000000fec6300000,0x000000fec6400000)]
  0x0000027ab1be6730 JavaThread "Unconstrained build operations Thread 2" [_thread_blocked, id=10608, stack(0x000000fec6400000,0x000000fec6500000)]
  0x0000027ab1be2050 JavaThread "Unconstrained build operations Thread 3" [_thread_blocked, id=4560, stack(0x000000fec6500000,0x000000fec6600000)]
  0x0000027ab1bdf2c0 JavaThread "Unconstrained build operations Thread 4" [_thread_blocked, id=11736, stack(0x000000fec6600000,0x000000fec6700000)]
  0x0000027ab1be2f80 JavaThread "Unconstrained build operations Thread 5" [_thread_blocked, id=15616, stack(0x000000fec6700000,0x000000fec6800000)]
  0x0000027ab1be3490 JavaThread "Unconstrained build operations Thread 6" [_thread_blocked, id=6692, stack(0x000000fec6800000,0x000000fec6900000)]

Other Threads:
  0x0000027aacc7c5f0 VMThread "VM Thread" [stack: 0x000000fec3f00000,0x000000fec4000000] [id=7948]
  0x0000027ab136d500 WatcherThread [stack: 0x000000fec4b00000,0x000000fec4c00000] [id=4480]
  0x0000027a93719eb0 GCTaskThread "GC Thread#0" [stack: 0x000000fec3a00000,0x000000fec3b00000] [id=6884]
  0x0000027ab148ecb0 GCTaskThread "GC Thread#1" [stack: 0x000000fec4c00000,0x000000fec4d00000] [id=15736]
  0x0000027ab1681400 GCTaskThread "GC Thread#2" [stack: 0x000000fec4d00000,0x000000fec4e00000] [id=7980]
  0x0000027ab1394360 GCTaskThread "GC Thread#3" [stack: 0x000000fec4e00000,0x000000fec4f00000] [id=9252]
  0x0000027a9372ad10 ConcurrentGCThread "G1 Main Marker" [stack: 0x000000fec3b00000,0x000000fec3c00000] [id=5608]
  0x0000027a9372b640 ConcurrentGCThread "G1 Conc#0" [stack: 0x000000fec3c00000,0x000000fec3d00000] [id=10516]
  0x0000027a9377eab0 ConcurrentGCThread "G1 Refine#0" [stack: 0x000000fec3d00000,0x000000fec3e00000] [id=2880]
  0x0000027aacae3a00 ConcurrentGCThread "G1 Service" [stack: 0x000000fec3e00000,0x000000fec3f00000] [id=2932]

Threads with active compile tasks:
C2 CompilerThread0   116657 6989       4       java.lang.invoke.MethodType::makeImpl (109 bytes)

VM state: not at safepoint (normal execution)

VM Mutex/Monitor currently owned by a thread: None

Heap address: 0x0000000080000000, size: 2048 MB, Compressed Oops mode: 32-bit

CDS archive(s) not mapped
Compressed class space mapped at: 0x0000000100000000-0x0000000140000000, reserved size: 1073741824
Narrow klass base: 0x0000000000000000, Narrow klass shift: 3, Narrow klass range: 0x140000000

GC Precious Log:
 CPUs: 4 total, 4 available
 Memory: 7613M
 Large Page Support: Disabled
 NUMA Support: Disabled
 Compressed Oops: Enabled (32-bit)
 Heap Region Size: 1M
 Heap Min Capacity: 8M
 Heap Initial Capacity: 120M
 Heap Max Capacity: 2G
 Pre-touch: Disabled
 Parallel Workers: 4
 Concurrent Workers: 1
 Concurrent Refinement Workers: 4
 Periodic GC: Disabled

Heap:
 garbage-first heap   total 73728K, used 47941K [0x0000000080000000, 0x0000000100000000)
  region size 1024K, 8 young (8192K), 2 survivors (2048K)
 Metaspace       used 56890K, committed 57472K, reserved 1114112K
  class space    used 7747K, committed 8000K, reserved 1048576K

Heap Regions: E=young(eden), S=young(survivor), O=old, HS=humongous(starts), HC=humongous(continues), CS=collection set, F=free, OA=open archive, CA=closed archive, TAMS=top-at-mark-start (previous, next)
|   0|0x0000000080000000, 0x0000000080100000, 0x0000000080100000|100%| O|  |TAMS 0x0000000080100000, 0x0000000080000000| Untracked 
|   1|0x0000000080100000, 0x0000000080200000, 0x0000000080200000|100%|HS|  |TAMS 0x0000000080200000, 0x0000000080100000| Complete 
|   2|0x0000000080200000, 0x0000000080300000, 0x0000000080300000|100%|HC|  |TAMS 0x0000000080300000, 0x0000000080200000| Complete 
|   3|0x0000000080300000, 0x0000000080400000, 0x0000000080400000|100%|HC|  |TAMS 0x0000000080400000, 0x0000000080300000| Complete 
|   4|0x0000000080400000, 0x0000000080500000, 0x0000000080500000|100%|HC|  |TAMS 0x0000000080500000, 0x0000000080400000| Complete 
|   5|0x0000000080500000, 0x0000000080600000, 0x0000000080600000|100%| O|  |TAMS 0x0000000080600000, 0x0000000080500000| Untracked 
|   6|0x0000000080600000, 0x0000000080700000, 0x0000000080700000|100%| O|  |TAMS 0x0000000080700000, 0x0000000080600000| Untracked 
|   7|0x0000000080700000, 0x0000000080800000, 0x0000000080800000|100%| O|  |TAMS 0x0000000080800000, 0x0000000080700000| Untracked 
|   8|0x0000000080800000, 0x0000000080900000, 0x0000000080900000|100%| O|  |TAMS 0x0000000080900000, 0x0000000080800000| Untracked 
|   9|0x0000000080900000, 0x0000000080a00000, 0x0000000080a00000|100%| O|  |TAMS 0x0000000080a00000, 0x0000000080900000| Untracked 
|  10|0x0000000080a00000, 0x0000000080ad1400, 0x0000000080b00000| 81%| O|  |TAMS 0x0000000080ad1400, 0x0000000080a00000| Untracked 
|  11|0x0000000080b00000, 0x0000000080c00000, 0x0000000080c00000|100%| O|  |TAMS 0x0000000080c00000, 0x0000000080b00000| Untracked 
|  12|0x0000000080c00000, 0x0000000080d00000, 0x0000000080d00000|100%| O|  |TAMS 0x0000000080d00000, 0x0000000080c00000| Untracked 
|  13|0x0000000080d00000, 0x0000000080e00000, 0x0000000080e00000|100%| O|  |TAMS 0x0000000080e00000, 0x0000000080d00000| Untracked 
|  14|0x0000000080e00000, 0x0000000080f00000, 0x0000000080f00000|100%| O|  |TAMS 0x0000000080f00000, 0x0000000080e00000| Untracked 
|  15|0x0000000080f00000, 0x0000000081000000, 0x0000000081000000|100%| O|  |TAMS 0x0000000081000000, 0x0000000080f00000| Untracked 
|  16|0x0000000081000000, 0x0000000081100000, 0x0000000081100000|100%| O|  |TAMS 0x0000000081100000, 0x0000000081000000| Untracked 
|  17|0x0000000081100000, 0x0000000081200000, 0x0000000081200000|100%| O|  |TAMS 0x0000000081200000, 0x0000000081100000| Untracked 
|  18|0x0000000081200000, 0x0000000081300000, 0x0000000081300000|100%| O|  |TAMS 0x0000000081300000, 0x0000000081200000| Untracked 
|  19|0x0000000081300000, 0x0000000081400000, 0x0000000081400000|100%| O|  |TAMS 0x0000000081400000, 0x0000000081300000| Untracked 
|  20|0x0000000081400000, 0x0000000081500000, 0x0000000081500000|100%| O|  |TAMS 0x0000000081500000, 0x0000000081400000| Untracked 
|  21|0x0000000081500000, 0x0000000081600000, 0x0000000081600000|100%| O|  |TAMS 0x0000000081600000, 0x0000000081500000| Untracked 
|  22|0x0000000081600000, 0x0000000081700000, 0x0000000081700000|100%| O|  |TAMS 0x0000000081700000, 0x0000000081600000| Untracked 
|  23|0x0000000081700000, 0x0000000081800000, 0x0000000081800000|100%| O|  |TAMS 0x0000000081800000, 0x0000000081700000| Untracked 
|  24|0x0000000081800000, 0x0000000081900000, 0x0000000081900000|100%| O|  |TAMS 0x0000000081900000, 0x0000000081800000| Untracked 
|  25|0x0000000081900000, 0x0000000081a00000, 0x0000000081a00000|100%| O|  |TAMS 0x0000000081a00000, 0x0000000081900000| Untracked 
|  26|0x0000000081a00000, 0x0000000081b00000, 0x0000000081b00000|100%| O|  |TAMS 0x0000000081b00000, 0x0000000081a00000| Untracked 
|  27|0x0000000081b00000, 0x0000000081c00000, 0x0000000081c00000|100%| O|  |TAMS 0x0000000081c00000, 0x0000000081b00000| Untracked 
|  28|0x0000000081c00000, 0x0000000081d00000, 0x0000000081d00000|100%| O|  |TAMS 0x0000000081d00000, 0x0000000081c00000| Untracked 
|  29|0x0000000081d00000, 0x0000000081e00000, 0x0000000081e00000|100%| O|  |TAMS 0x0000000081e00000, 0x0000000081d00000| Untracked 
|  30|0x0000000081e00000, 0x0000000081f00000, 0x0000000081f00000|100%| O|  |TAMS 0x0000000081f00000, 0x0000000081e00000| Untracked 
|  31|0x0000000081f00000, 0x0000000082000000, 0x0000000082000000|100%| O|  |TAMS 0x0000000082000000, 0x0000000081f00000| Untracked 
|  32|0x0000000082000000, 0x0000000082100000, 0x0000000082100000|100%| O|  |TAMS 0x0000000082100000, 0x0000000082000000| Untracked 
|  33|0x0000000082100000, 0x0000000082200000, 0x0000000082200000|100%| O|  |TAMS 0x0000000082200000, 0x0000000082100000| Untracked 
|  34|0x0000000082200000, 0x0000000082300000, 0x0000000082300000|100%| O|  |TAMS 0x0000000082300000, 0x0000000082200000| Untracked 
|  35|0x0000000082300000, 0x0000000082400000, 0x0000000082400000|100%| O|  |TAMS 0x0000000082400000, 0x0000000082300000| Untracked 
|  36|0x0000000082400000, 0x0000000082500000, 0x0000000082500000|100%| O|  |TAMS 0x0000000082500000, 0x0000000082400000| Untracked 
|  37|0x0000000082500000, 0x0000000082600000, 0x0000000082600000|100%| O|  |TAMS 0x0000000082600000, 0x0000000082500000| Complete 
|  38|0x0000000082600000, 0x0000000082700000, 0x0000000082700000|100%| O|  |TAMS 0x0000000082638400, 0x0000000082600000| Untracked 
|  39|0x0000000082700000, 0x0000000082800000, 0x0000000082800000|100%| O|  |TAMS 0x0000000082700000, 0x0000000082700000| Untracked 
|  40|0x0000000082800000, 0x0000000082800000, 0x0000000082900000|  0%| F|  |TAMS 0x0000000082800000, 0x0000000082800000| Untracked 
|  41|0x0000000082900000, 0x0000000082900000, 0x0000000082a00000|  0%| F|  |TAMS 0x0000000082900000, 0x0000000082900000| Untracked 
|  42|0x0000000082a00000, 0x0000000082a00000, 0x0000000082b00000|  0%| F|  |TAMS 0x0000000082a00000, 0x0000000082a00000| Untracked 
|  43|0x0000000082b00000, 0x0000000082b00000, 0x0000000082c00000|  0%| F|  |TAMS 0x0000000082b00000, 0x0000000082b00000| Untracked 
|  44|0x0000000082c00000, 0x0000000082c00000, 0x0000000082d00000|  0%| F|  |TAMS 0x0000000082c00000, 0x0000000082c00000| Untracked 
|  45|0x0000000082d00000, 0x0000000082d00000, 0x0000000082e00000|  0%| F|  |TAMS 0x0000000082d00000, 0x0000000082d00000| Untracked 
|  46|0x0000000082e00000, 0x0000000082e00000, 0x0000000082f00000|  0%| F|  |TAMS 0x0000000082e00000, 0x0000000082e00000| Untracked 
|  47|0x0000000082f00000, 0x0000000082f00000, 0x0000000083000000|  0%| F|  |TAMS 0x0000000082f00000, 0x0000000082f00000| Untracked 
|  48|0x0000000083000000, 0x0000000083000000, 0x0000000083100000|  0%| F|  |TAMS 0x0000000083000000, 0x0000000083000000| Untracked 
|  49|0x0000000083100000, 0x0000000083100000, 0x0000000083200000|  0%| F|  |TAMS 0x0000000083100000, 0x0000000083100000| Untracked 
|  50|0x0000000083200000, 0x0000000083200000, 0x0000000083300000|  0%| F|  |TAMS 0x0000000083200000, 0x0000000083200000| Untracked 
|  51|0x0000000083300000, 0x0000000083300000, 0x0000000083400000|  0%| F|  |TAMS 0x0000000083300000, 0x0000000083300000| Untracked 
|  52|0x0000000083400000, 0x0000000083400000, 0x0000000083500000|  0%| F|  |TAMS 0x0000000083400000, 0x0000000083400000| Untracked 
|  53|0x0000000083500000, 0x0000000083600000, 0x0000000083600000|100%| S|CS|TAMS 0x0000000083500000, 0x0000000083500000| Complete 
|  54|0x0000000083600000, 0x0000000083700000, 0x0000000083700000|100%| S|CS|TAMS 0x0000000083600000, 0x0000000083600000| Complete 
|  55|0x0000000083700000, 0x0000000083700000, 0x0000000083800000|  0%| F|  |TAMS 0x0000000083700000, 0x0000000083700000| Untracked 
|  56|0x0000000083800000, 0x0000000083800000, 0x0000000083900000|  0%| F|  |TAMS 0x0000000083800000, 0x0000000083800000| Untracked 
|  57|0x0000000083900000, 0x0000000083900000, 0x0000000083a00000|  0%| F|  |TAMS 0x0000000083900000, 0x0000000083900000| Untracked 
|  58|0x0000000083a00000, 0x0000000083a00000, 0x0000000083b00000|  0%| F|  |TAMS 0x0000000083a00000, 0x0000000083a00000| Untracked 
|  59|0x0000000083b00000, 0x0000000083b00000, 0x0000000083c00000|  0%| F|  |TAMS 0x0000000083b00000, 0x0000000083b00000| Untracked 
|  60|0x0000000083c00000, 0x0000000083c00000, 0x0000000083d00000|  0%| F|  |TAMS 0x0000000083c00000, 0x0000000083c00000| Untracked 
|  61|0x0000000083d00000, 0x0000000083d00000, 0x0000000083e00000|  0%| F|  |TAMS 0x0000000083d00000, 0x0000000083d00000| Untracked 
|  62|0x0000000083e00000, 0x0000000083e00000, 0x0000000083f00000|  0%| F|  |TAMS 0x0000000083e00000, 0x0000000083e00000| Untracked 
|  63|0x0000000083f00000, 0x0000000083f00000, 0x0000000084000000|  0%| F|  |TAMS 0x0000000083f00000, 0x0000000083f00000| Untracked 
|  64|0x0000000084000000, 0x0000000084000000, 0x0000000084100000|  0%| F|  |TAMS 0x0000000084000000, 0x0000000084000000| Untracked 
|  65|0x0000000084100000, 0x0000000084100000, 0x0000000084200000|  0%| F|  |TAMS 0x0000000084100000, 0x0000000084100000| Untracked 
|  66|0x0000000084200000, 0x00000000842d0108, 0x0000000084300000| 81%| E|  |TAMS 0x0000000084200000, 0x0000000084200000| Complete 
|  67|0x0000000084300000, 0x0000000084400000, 0x0000000084400000|100%| E|CS|TAMS 0x0000000084300000, 0x0000000084300000| Complete 
|  68|0x0000000084400000, 0x0000000084500000, 0x0000000084500000|100%| E|CS|TAMS 0x0000000084400000, 0x0000000084400000| Complete 
|  69|0x0000000084500000, 0x0000000084600000, 0x0000000084600000|100%| E|CS|TAMS 0x0000000084500000, 0x0000000084500000| Complete 
|  70|0x0000000084600000, 0x0000000084700000, 0x0000000084700000|100%| E|CS|TAMS 0x0000000084600000, 0x0000000084600000| Complete 
| 119|0x0000000087700000, 0x0000000087800000, 0x0000000087800000|100%| E|CS|TAMS 0x0000000087700000, 0x0000000087700000| Complete 

Card table byte_map: [0x0000027aa5fa0000,0x0000027aa63a0000] _byte_map_base: 0x0000027aa5ba0000

Marking Bits (Prev, Next): (CMBitMap*) 0x0000027a9371a420, (CMBitMap*) 0x0000027a9371a3e0
 Prev Bits: [0x0000027aa87a0000, 0x0000027aaa7a0000)
 Next Bits: [0x0000027aa67a0000, 0x0000027aa87a0000)

Polling page: 0x0000027a92e80000

Metaspace:

Usage:
  Non-class:     47.99 MB used.
      Class:      7.57 MB used.
       Both:     55.56 MB used.

Virtual space:
  Non-class space:       64.00 MB reserved,      48.31 MB ( 75%) committed,  1 nodes.
      Class space:        1.00 GB reserved,       7.81 MB ( <1%) committed,  1 nodes.
             Both:        1.06 GB reserved,      56.12 MB (  5%) committed. 

Chunk freelists:
   Non-Class:  15.73 MB
       Class:  8.22 MB
        Both:  23.95 MB

MaxMetaspaceSize: unlimited
CompressedClassSpaceSize: 1.00 GB
Initial GC threshold: 21.00 MB
Current GC threshold: 93.38 MB
CDS: off
MetaspaceReclaimPolicy: balanced
 - commit_granule_bytes: 65536.
 - commit_granule_words: 8192.
 - virtual_space_node_default_size: 8388608.
 - enlarge_chunks_in_place: 1.
 - new_chunks_are_fully_committed: 0.
 - uncommit_free_chunks: 1.
 - use_allocation_guard: 0.
 - handle_deallocations: 1.


Internal statistics:

num_allocs_failed_limit: 6.
num_arena_births: 614.
num_arena_deaths: 0.
num_vsnodes_births: 2.
num_vsnodes_deaths: 0.
num_space_committed: 898.
num_space_uncommitted: 0.
num_chunks_returned_to_freelist: 6.
num_chunks_taken_from_freelist: 2520.
num_chunk_merges: 3.
num_chunk_splits: 1644.
num_chunks_enlarged: 1103.
num_inconsistent_stats: 0.

CodeHeap 'non-profiled nmethods': size=120000Kb used=2773Kb max_used=2939Kb free=117226Kb
 bounds [0x0000027a9e670000, 0x0000027a9e950000, 0x0000027aa5ba0000]
CodeHeap 'profiled nmethods': size=120000Kb used=11614Kb max_used=11614Kb free=108385Kb
 bounds [0x0000027a96ba0000, 0x0000027a97700000, 0x0000027a9e0d0000]
CodeHeap 'non-nmethods': size=5760Kb used=1625Kb max_used=1656Kb free=4134Kb
 bounds [0x0000027a9e0d0000, 0x0000027a9e340000, 0x0000027a9e670000]
 total_blobs=6921 nmethods=6221 adapters=613
 compilation: enabled
              stopped_count=0, restarted_count=0
 full_count=0

Compilation events (20 events):
Event: 115.867 Thread 0x0000027ab101ec60 7008       3       org.gradle.api.internal.initialization.DefaultScriptClassPathResolver$OriginalArtifactIdentifier::access$000 (5 bytes)
Event: 115.867 Thread 0x0000027ab101ec60 nmethod 7008 0x0000027a976f3490 code [0x0000027a976f3620, 0x0000027a976f3728]
Event: 115.867 Thread 0x0000027ab101ec60 7009       3       org.gradle.api.internal.initialization.DefaultScriptClassPathResolver$OriginalArtifactIdentifier::of (66 bytes)
Event: 115.869 Thread 0x0000027ab101ec60 nmethod 7009 0x0000027a976f3810 code [0x0000027a976f3a40, 0x0000027a976f43d8]
Event: 115.869 Thread 0x0000027ab101ec60 7014       3       org.gradle.api.internal.initialization.DefaultScriptClassPathResolver$OriginalArtifactIdentifier::equals (63 bytes)
Event: 115.872 Thread 0x0000027ab101ec60 nmethod 7014 0x0000027a976f4710 code [0x0000027a976f4920, 0x0000027a976f5078]
Event: 115.872 Thread 0x0000027ab101ec60 7013       1       org.gradle.api.internal.initialization.DefaultScriptClassPathResolver$ClassPathTransformedArtifact::access$200 (5 bytes)
Event: 115.872 Thread 0x0000027ab101ec60 nmethod 7013 0x0000027a9e7bc710 code [0x0000027a9e7bc8a0, 0x0000027a9e7bc958]
Event: 115.872 Thread 0x0000027ab101ec60 7015       3       com.google.common.collect.ExplicitOrdering::rank (30 bytes)
Event: 115.873 Thread 0x0000027ab101ec60 nmethod 7015 0x0000027a976f5290 code [0x0000027a976f5460, 0x0000027a976f5838]
Event: 115.873 Thread 0x0000027ab101ec60 7016       1       org.gradle.api.internal.initialization.DefaultScriptClassPathResolver$ClassPathTransformedArtifact::access$100 (5 bytes)
Event: 115.873 Thread 0x0000027ab101ec60 nmethod 7016 0x0000027a9e7bc410 code [0x0000027a9e7bc5a0, 0x0000027a9e7bc658]
Event: 115.873 Thread 0x0000027ab101ec60 7010       3       org.gradle.api.internal.initialization.DefaultScriptClassPathResolver$OriginalArtifactIdentifier::<init> (15 bytes)
Event: 115.874 Thread 0x0000027ab101ec60 nmethod 7010 0x0000027a976f5990 code [0x0000027a976f5b40, 0x0000027a976f5d58]
Event: 115.874 Thread 0x0000027ab101ec60 7011       3       org.gradle.api.internal.initialization.DefaultScriptClassPathResolver$$Lambda$670/0x0000000100666950::apply (8 bytes)
Event: 115.876 Thread 0x0000027ab101ec60 nmethod 7011 0x0000027a976f5e10 code [0x0000027a976f6020, 0x0000027a976f67f8]
Event: 115.876 Thread 0x0000027ab101ec60 7012       3       org.gradle.api.internal.initialization.DefaultScriptClassPathResolver$ClassPathTransformedArtifact::ofTransformedArtifact (30 bytes)
Event: 115.879 Thread 0x0000027ab101ec60 nmethod 7012 0x0000027a976f6a90 code [0x0000027a976f6c80, 0x0000027a976f72d8]
Event: 115.887 Thread 0x0000027ab101ec60 7017       3       java.io.File::getParent (65 bytes)
Event: 115.889 Thread 0x0000027ab101ec60 nmethod 7017 0x0000027a976f7590 code [0x0000027a976f77c0, 0x0000027a976f7eb8]

GC Heap History (20 events):
Event: 77.955 GC heap before
{Heap before GC invocations=10 (full 0):
 garbage-first heap   total 68608K, used 52119K [0x0000000080000000, 0x0000000100000000)
  region size 1024K, 30 young (30720K), 2 survivors (2048K)
 Metaspace       used 41491K, committed 41792K, reserved 1114112K
  class space    used 5487K, committed 5632K, reserved 1048576K
}
Event: 77.967 GC heap after
{Heap after GC invocations=11 (full 0):
 garbage-first heap   total 68608K, used 27725K [0x0000000080000000, 0x0000000100000000)
  region size 1024K, 4 young (4096K), 4 survivors (4096K)
 Metaspace       used 41491K, committed 41792K, reserved 1114112K
  class space    used 5487K, committed 5632K, reserved 1048576K
}
Event: 79.416 GC heap before
{Heap before GC invocations=11 (full 0):
 garbage-first heap   total 68608K, used 53325K [0x0000000080000000, 0x0000000100000000)
  region size 1024K, 29 young (29696K), 4 survivors (4096K)
 Metaspace       used 42580K, committed 43008K, reserved 1114112K
  class space    used 5661K, committed 5888K, reserved 1048576K
}
Event: 79.431 GC heap after
{Heap after GC invocations=12 (full 0):
 garbage-first heap   total 68608K, used 29307K [0x0000000080000000, 0x0000000100000000)
  region size 1024K, 2 young (2048K), 2 survivors (2048K)
 Metaspace       used 42580K, committed 43008K, reserved 1114112K
  class space    used 5661K, committed 5888K, reserved 1048576K
}
Event: 86.537 GC heap before
{Heap before GC invocations=12 (full 0):
 garbage-first heap   total 68608K, used 52859K [0x0000000080000000, 0x0000000100000000)
  region size 1024K, 25 young (25600K), 2 survivors (2048K)
 Metaspace       used 44765K, committed 45184K, reserved 1114112K
  class space    used 6007K, committed 6208K, reserved 1048576K
}
Event: 86.546 GC heap after
{Heap after GC invocations=13 (full 0):
 garbage-first heap   total 68608K, used 30841K [0x0000000080000000, 0x0000000100000000)
  region size 1024K, 4 young (4096K), 4 survivors (4096K)
 Metaspace       used 44765K, committed 45184K, reserved 1114112K
  class space    used 6007K, committed 6208K, reserved 1048576K
}
Event: 92.057 GC heap before
{Heap before GC invocations=13 (full 0):
 garbage-first heap   total 68608K, used 53369K [0x0000000080000000, 0x0000000100000000)
  region size 1024K, 26 young (26624K), 4 survivors (4096K)
 Metaspace       used 47492K, committed 47936K, reserved 1114112K
  class space    used 6472K, committed 6656K, reserved 1048576K
}
Event: 92.070 GC heap after
{Heap after GC invocations=14 (full 0):
 garbage-first heap   total 68608K, used 31949K [0x0000000080000000, 0x0000000100000000)
  region size 1024K, 3 young (3072K), 3 survivors (3072K)
 Metaspace       used 47492K, committed 47936K, reserved 1114112K
  class space    used 6472K, committed 6656K, reserved 1048576K
}
Event: 95.106 GC heap before
{Heap before GC invocations=14 (full 0):
 garbage-first heap   total 68608K, used 54477K [0x0000000080000000, 0x0000000100000000)
  region size 1024K, 25 young (25600K), 3 survivors (3072K)
 Metaspace       used 50545K, committed 51008K, reserved 1114112K
  class space    used 6949K, committed 7168K, reserved 1048576K
}
Event: 95.120 GC heap after
{Heap after GC invocations=15 (full 0):
 garbage-first heap   total 68608K, used 33160K [0x0000000080000000, 0x0000000100000000)
  region size 1024K, 3 young (3072K), 3 survivors (3072K)
 Metaspace       used 50545K, committed 51008K, reserved 1114112K
  class space    used 6949K, committed 7168K, reserved 1048576K
}
Event: 98.128 GC heap before
{Heap before GC invocations=15 (full 0):
 garbage-first heap   total 68608K, used 48520K [0x0000000080000000, 0x0000000100000000)
  region size 1024K, 20 young (20480K), 3 survivors (3072K)
 Metaspace       used 52499K, committed 52992K, reserved 1114112K
  class space    used 7276K, committed 7488K, reserved 1048576K
}
Event: 98.136 GC heap after
{Heap after GC invocations=16 (full 0):
 garbage-first heap   total 68608K, used 34622K [0x0000000080000000, 0x0000000100000000)
  region size 1024K, 3 young (3072K), 3 survivors (3072K)
 Metaspace       used 52499K, committed 52992K, reserved 1114112K
  class space    used 7276K, committed 7488K, reserved 1048576K
}
Event: 101.277 GC heap before
{Heap before GC invocations=17 (full 0):
 garbage-first heap   total 68608K, used 57150K [0x0000000080000000, 0x0000000100000000)
  region size 1024K, 23 young (23552K), 3 survivors (3072K)
 Metaspace       used 55424K, committed 55936K, reserved 1114112K
  class space    used 7628K, committed 7872K, reserved 1048576K
}
Event: 101.286 GC heap after
{Heap after GC invocations=18 (full 0):
 garbage-first heap   total 68608K, used 35389K [0x0000000080000000, 0x0000000100000000)
  region size 1024K, 2 young (2048K), 2 survivors (2048K)
 Metaspace       used 55424K, committed 55936K, reserved 1114112K
  class space    used 7628K, committed 7872K, reserved 1048576K
}
Event: 110.119 GC heap before
{Heap before GC invocations=18 (full 0):
 garbage-first heap   total 68608K, used 54845K [0x0000000080000000, 0x0000000100000000)
  region size 1024K, 22 young (22528K), 2 survivors (2048K)
 Metaspace       used 56415K, committed 56960K, reserved 1114112K
  class space    used 7725K, committed 8000K, reserved 1048576K
}
Event: 110.134 GC heap after
{Heap after GC invocations=19 (full 0):
 garbage-first heap   total 68608K, used 38182K [0x0000000080000000, 0x0000000100000000)
  region size 1024K, 3 young (3072K), 3 survivors (3072K)
 Metaspace       used 56415K, committed 56960K, reserved 1114112K
  class space    used 7725K, committed 8000K, reserved 1048576K
}
Event: 111.946 GC heap before
{Heap before GC invocations=20 (full 0):
 garbage-first heap   total 68608K, used 54566K [0x0000000080000000, 0x0000000100000000)
  region size 1024K, 20 young (20480K), 3 survivors (3072K)
 Metaspace       used 56697K, committed 57216K, reserved 1114112K
  class space    used 7744K, committed 8000K, reserved 1048576K
}
Event: 111.960 GC heap after
{Heap after GC invocations=21 (full 0):
 garbage-first heap   total 68608K, used 42022K [0x0000000080000000, 0x0000000100000000)
  region size 1024K, 3 young (3072K), 3 survivors (3072K)
 Metaspace       used 56697K, committed 57216K, reserved 1114112K
  class space    used 7744K, committed 8000K, reserved 1048576K
}
Event: 114.267 GC heap before
{Heap before GC invocations=21 (full 0):
 garbage-first heap   total 68608K, used 53286K [0x0000000080000000, 0x0000000100000000)
  region size 1024K, 15 young (15360K), 3 survivors (3072K)
 Metaspace       used 56829K, committed 57344K, reserved 1114112K
  class space    used 7744K, committed 8000K, reserved 1048576K
}
Event: 114.276 GC heap after
{Heap after GC invocations=22 (full 0):
 garbage-first heap   total 68608K, used 42821K [0x0000000080000000, 0x0000000100000000)
  region size 1024K, 2 young (2048K), 2 survivors (2048K)
 Metaspace       used 56829K, committed 57344K, reserved 1114112K
  class space    used 7744K, committed 8000K, reserved 1048576K
}

Dll operation events (3 events):
Event: 0.065 Loaded shared library C:\Program Files\Android\Android Studio1\jbr\bin\java.dll
Event: 0.965 Loaded shared library C:\Program Files\Android\Android Studio1\jbr\bin\zip.dll
Event: 4.426 Loaded shared library C:\Program Files\Android\Android Studio1\jbr\bin\verify.dll

Deoptimization events (20 events):
Event: 110.212 Thread 0x0000027ab1bdf2c0 Uncommon trap: trap_request=0xffffff54 fr.pc=0x0000027a9e7f49a4 relative=0x0000000000004ba4
Event: 110.212 Thread 0x0000027ab1bdf2c0 Uncommon trap: reason=speculate_null_assert action=make_not_entrant pc=0x0000027a9e7f49a4 method=java.lang.invoke.MethodType$ConcurrentWeakInternSet.add(Ljava/lang/Object;)Ljava/lang/Object; @ 47 c2
Event: 110.212 Thread 0x0000027ab1bdf2c0 DEOPT PACKING pc=0x0000027a9e7f49a4 sp=0x000000fec66fcf70
Event: 110.212 Thread 0x0000027ab1bdf2c0 DEOPT UNPACKING pc=0x0000027a9e1269a3 sp=0x000000fec66fcee8 mode 2
Event: 110.231 Thread 0x0000027ab276a930 Uncommon trap: trap_request=0xffffff45 fr.pc=0x0000027a9e814a68 relative=0x0000000000000168
Event: 110.231 Thread 0x0000027ab276a930 Uncommon trap: reason=unstable_if action=reinterpret pc=0x0000027a9e814a68 method=org.gradle.internal.snapshot.VfsRelativePath.isPrefix(Ljava/lang/String;ILjava/lang/String;ILorg/gradle/internal/snapshot/CaseSensitivity;)Z @ 101 c2
Event: 110.231 Thread 0x0000027ab276a930 DEOPT PACKING pc=0x0000027a9e814a68 sp=0x000000fec55f6580
Event: 110.231 Thread 0x0000027ab276a930 DEOPT UNPACKING pc=0x0000027a9e1269a3 sp=0x000000fec55f6508 mode 2
Event: 110.445 Thread 0x0000027ab14a2a00 DEOPT PACKING pc=0x0000027a973b7ac3 sp=0x000000fec5bfe6a0
Event: 110.445 Thread 0x0000027ab14a2a00 DEOPT UNPACKING pc=0x0000027a9e127143 sp=0x000000fec5bfdb28 mode 0
Event: 111.428 Thread 0x0000027ab14a2a00 DEOPT PACKING pc=0x0000027a9759baa0 sp=0x000000fec5bfe3b0
Event: 111.429 Thread 0x0000027ab14a2a00 DEOPT UNPACKING pc=0x0000027a9e127143 sp=0x000000fec5bfd870 mode 0
Event: 111.677 Thread 0x0000027ab276a930 Uncommon trap: trap_request=0xffffff45 fr.pc=0x0000027a9e7b795c relative=0x000000000000023c
Event: 111.677 Thread 0x0000027ab276a930 Uncommon trap: reason=unstable_if action=reinterpret pc=0x0000027a9e7b795c method=java.util.concurrent.ConcurrentHashMap.get(Ljava/lang/Object;)Ljava/lang/Object; @ 86 c2
Event: 111.677 Thread 0x0000027ab276a930 DEOPT PACKING pc=0x0000027a9e7b795c sp=0x000000fec55f7ae0
Event: 111.677 Thread 0x0000027ab276a930 DEOPT UNPACKING pc=0x0000027a9e1269a3 sp=0x000000fec55f7a58 mode 2
Event: 111.846 Thread 0x0000027ab1be3490 Uncommon trap: trap_request=0xffffff45 fr.pc=0x0000027a9e81875c relative=0x00000000000012fc
Event: 111.846 Thread 0x0000027ab1be3490 Uncommon trap: reason=unstable_if action=reinterpret pc=0x0000027a9e81875c method=java.util.concurrent.ConcurrentHashMap.computeIfAbsent(Ljava/lang/Object;Ljava/util/function/Function;)Ljava/lang/Object; @ 279 c2
Event: 111.846 Thread 0x0000027ab1be3490 DEOPT PACKING pc=0x0000027a9e81875c sp=0x000000fec68fe270
Event: 111.846 Thread 0x0000027ab1be3490 DEOPT UNPACKING pc=0x0000027a9e1269a3 sp=0x000000fec68fe1e8 mode 2

Classes unloaded (0 events):
No events

Classes redefined (0 events):
No events

Internal exceptions (20 events):
Event: 98.394 Thread 0x0000027ab276a930 Exception <a 'java/lang/NoSuchMethodError'{0x0000000084483ee0}: 'java.lang.Object java.lang.invoke.DelegatingMethodHandle$Holder.reinvoke_L(java.lang.Object, java.lang.Object, java.lang.Object, java.lang.Object, java.lang.Object, java.lang.Object, java.lang.Object, java.lang.Object, java.lang.Object, java.lang.Object, java.lang.Object, java.lang.Object, java.lang.Object, java.lang.Object, java.lang.Object, java.lang.Object, java.lang.Object, java.lang.Object, java.lang.Object, java.lang.Object, java.lang.O
Event: 98.396 Thread 0x0000027ab276a930 Exception <a 'java/lang/NoSuchMethodError'{0x000000008448f928}: 'java.lang.Object java.lang.invoke.Invokers$Holder.invoker(java.lang.Object, java.lang.Object, java.lang.Object, java.lang.Object, java.lang.Object, java.lang.Object, java.lang.Object, java.lang.Object, java.lang.Object, java.lang.Object, java.lang.Object, java.lang.Object, java.lang.Object, java.lang.Object, java.lang.Object, java.lang.Object, java.lang.Object, java.lang.Object, java.lang.Object, java.lang.Object, java.lang.Object, java.lang.
Event: 98.398 Thread 0x0000027ab276a930 Exception <a 'java/lang/NoSuchMethodError'{0x0000000084496528}: 'java.lang.Object java.lang.invoke.DelegatingMethodHandle$Holder.delegate(java.lang.Object, java.lang.Object, java.lang.Object, java.lang.Object, java.lang.Object, java.lang.Object, java.lang.Object, java.lang.Object, java.lang.Object, java.lang.Object, java.lang.Object, java.lang.Object, java.lang.Object, java.lang.Object, java.lang.Object, java.lang.Object, java.lang.Object, java.lang.Object, java.lang.Object, java.lang.Object, java.lang.Obj
Event: 98.444 Thread 0x0000027ab276a930 Exception <a 'java/lang/NoSuchMethodError'{0x000000008436e510}: 'java.lang.Object java.lang.invoke.DirectMethodHandle$Holder.invokeStatic(java.lang.Object, java.lang.Object, java.lang.Object, java.lang.Object, java.lang.Object, java.lang.Object, java.lang.Object, java.lang.Object, java.lang.Object, java.lang.Object, java.lang.Object, java.lang.Object, java.lang.Object, java.lang.Object, java.lang.Object, java.lang.Object, java.lang.Object, java.lang.Object, java.lang.Object, java.lang.Object, java.lang.Obj
Event: 99.272 Thread 0x0000027ab276a930 Exception <a 'java/lang/NoSuchMethodError'{0x0000000083e92350}: static Lorg/gradle/api/internal/catalog/DefaultVersionCatalog;.<clinit>()V> (0x0000000083e92350) 
thrown [s\src\hotspot\share\prims\jni.cpp, line 1127]
Event: 99.291 Thread 0x0000027ab276a930 Exception <a 'java/lang/NoSuchMethodError'{0x0000000083ee2160}: static [Ljava/lang/Object;.<clinit>()V> (0x0000000083ee2160) 
thrown [s\src\hotspot\share\prims\jni.cpp, line 1127]
Event: 99.298 Thread 0x0000027ab276a930 Exception <a 'java/lang/NoSuchMethodError'{0x0000000083907b60}: static Lorg/gradle/api/internal/catalog/DependencyModel;.<clinit>()V> (0x0000000083907b60) 
thrown [s\src\hotspot\share\prims\jni.cpp, line 1127]
Event: 99.299 Thread 0x0000027ab276a930 Exception <a 'java/lang/NoSuchMethodError'{0x000000008390b2b0}: static Lorg/gradle/api/internal/catalog/AbstractContextAwareModel;.<clinit>()V> (0x000000008390b2b0) 
thrown [s\src\hotspot\share\prims\jni.cpp, line 1127]
Event: 99.323 Thread 0x0000027ab276a930 Exception <a 'java/lang/NoSuchMethodError'{0x0000000083924958}: static Lorg/gradle/api/internal/artifacts/dependencies/AbstractVersionConstraint;.<clinit>()V> (0x0000000083924958) 
thrown [s\src\hotspot\share\prims\jni.cpp, line 1127]
Event: 99.359 Thread 0x0000027ab276a930 Exception <a 'java/lang/NoSuchMethodError'{0x00000000839807d0}: static Lorg/gradle/api/internal/catalog/PluginModel;.<clinit>()V> (0x00000000839807d0) 
thrown [s\src\hotspot\share\prims\jni.cpp, line 1127]
Event: 99.363 Thread 0x0000027ab276a930 Exception <a 'java/lang/NoSuchMethodError'{0x00000000839958d8}: static Lorg/gradle/api/internal/catalog/VersionModel;.<clinit>()V> (0x00000000839958d8) 
thrown [s\src\hotspot\share\prims\jni.cpp, line 1127]
Event: 99.387 Thread 0x0000027ab276a930 Exception <a 'java/lang/NoSuchMethodError'{0x00000000839ba108}: 'void java.lang.invoke.DirectMethodHandle$Holder.invokeSpecial(java.lang.Object, java.lang.Object, java.lang.Object, int)'> (0x00000000839ba108) 
thrown [s\src\hotspot\share\interpreter\linkResolver.cpp, line 771]
Event: 100.591 Thread 0x0000027ab276a930 Exception <a 'java/lang/NoSuchMethodError'{0x000000008359ca58}: 'int java.lang.invoke.DirectMethodHandle$Holder.invokeSpecialIFC(java.lang.Object, java.lang.Object, java.lang.Object)'> (0x000000008359ca58) 
thrown [s\src\hotspot\share\interpreter\linkResolver.cpp, line 771]
Event: 100.872 Thread 0x0000027ab276a930 Exception <a 'java/lang/NoSuchMethodError'{0x0000000082e47850}: 'java.lang.Object java.lang.invoke.DirectMethodHandle$Holder.newInvokeSpecial(java.lang.Object, java.lang.Object, java.lang.Object, java.lang.Object, java.lang.Object, int)'> (0x0000000082e47850) 
thrown [s\src\hotspot\share\interpreter\linkResolver.cpp, line 771]
Event: 100.874 Thread 0x0000027ab276a930 Exception <a 'java/lang/NoSuchMethodError'{0x0000000082e4cca8}: 'java.lang.Object java.lang.invoke.DirectMethodHandle$Holder.invokeSpecial(java.lang.Object, java.lang.Object, java.lang.Object, java.lang.Object, java.lang.Object, java.lang.Object, int)'> (0x0000000082e4cca8) 
thrown [s\src\hotspot\share\interpreter\linkResolver.cpp, line 771]
Event: 100.875 Thread 0x0000027ab276a930 Exception <a 'java/lang/NoSuchMethodError'{0x0000000082e51a88}: 'java.lang.Object java.lang.invoke.Invokers$Holder.linkToTargetMethod(java.lang.Object, java.lang.Object, java.lang.Object, java.lang.Object, int, java.lang.Object)'> (0x0000000082e51a88) 
thrown [s\src\hotspot\share\interpreter\linkResolver.cpp, line 771]
Event: 100.917 Thread 0x0000027ab276a930 Exception <a 'java/lang/NoSuchMethodError'{0x0000000082e84950}: 'java.lang.Object java.lang.invoke.DirectMethodHandle$Holder.invokeSpecial(java.lang.Object, java.lang.Object, java.lang.Object, java.lang.Object, java.lang.Object, long)'> (0x0000000082e84950) 
thrown [s\src\hotspot\share\interpreter\linkResolver.cpp, line 771]
Event: 100.925 Thread 0x0000027ab276a930 Exception <a 'java/lang/NoSuchMethodError'{0x0000000082ea7d10}: 'void java.lang.invoke.DirectMethodHandle$Holder.invokeStatic(java.lang.Object, java.lang.Object, java.lang.Object, int, java.lang.Object)'> (0x0000000082ea7d10) 
thrown [s\src\hotspot\share\interpreter\linkResolver.cpp, line 771]
Event: 109.768 Thread 0x0000027ab276a930 Exception <a 'java/lang/NoSuchMethodError'{0x0000000083047588}: 'java.lang.Object java.lang.invoke.DirectMethodHandle$Holder.newInvokeSpecial(java.lang.Object, java.lang.Object, java.lang.Object, java.lang.Object, int, java.lang.Object)'> (0x0000000083047588) 
thrown [s\src\hotspot\share\interpreter\linkResolver.cpp, line 771]
Event: 109.769 Thread 0x0000027ab276a930 Exception <a 'java/lang/NoSuchMethodError'{0x000000008304c8e0}: 'java.lang.Object java.lang.invoke.Invokers$Holder.linkToTargetMethod(java.lang.Object, java.lang.Object, java.lang.Object, int, java.lang.Object, java.lang.Object)'> (0x000000008304c8e0) 
thrown [s\src\hotspot\share\interpreter\linkResolver.cpp, line 771]

VM Operations (20 events):
Event: 110.320 Executing VM operation: G1PauseCleanup
Event: 110.322 Executing VM operation: G1PauseCleanup done
Event: 111.327 Executing VM operation: Cleanup
Event: 111.327 Executing VM operation: Cleanup done
Event: 111.946 Executing VM operation: G1CollectForAllocation
Event: 111.962 Executing VM operation: G1CollectForAllocation done
Event: 112.977 Executing VM operation: Cleanup
Event: 112.977 Executing VM operation: Cleanup done
Event: 113.980 Executing VM operation: Cleanup
Event: 113.981 Executing VM operation: Cleanup done
Event: 114.267 Executing VM operation: G1CollectForAllocation
Event: 114.276 Executing VM operation: G1CollectForAllocation done
Event: 114.417 Executing VM operation: G1PauseRemark
Event: 114.425 Executing VM operation: G1PauseRemark done
Event: 114.487 Executing VM operation: G1PauseCleanup
Event: 114.488 Executing VM operation: G1PauseCleanup done
Event: 115.496 Executing VM operation: Cleanup
Event: 115.545 Executing VM operation: Cleanup done
Event: 115.824 Executing VM operation: HandshakeAllThreads
Event: 115.825 Executing VM operation: HandshakeAllThreads done

Events (20 events):
Event: 100.767 Thread 0x0000027ab101f570 flushing nmethod 0x0000027a9746cd90
Event: 100.767 Thread 0x0000027ab101f570 flushing nmethod 0x0000027a9746dc10
Event: 100.767 Thread 0x0000027ab101f570 flushing nmethod 0x0000027a97477e10
Event: 100.768 Thread 0x0000027ab101f570 flushing nmethod 0x0000027a974fe810
Event: 100.768 Thread 0x0000027ab101f570 flushing nmethod 0x0000027a97508290
Event: 100.768 Thread 0x0000027ab101f570 flushing nmethod 0x0000027a97508690
Event: 100.768 Thread 0x0000027ab101f570 flushing nmethod 0x0000027a97508f90
Event: 100.768 Thread 0x0000027ab101f570 flushing nmethod 0x0000027a97569910
Event: 107.081 loading class java/util/Collections$ReverseComparator
Event: 107.082 loading class java/util/Collections$ReverseComparator done
Event: 107.083 loading class java/util/Collections$ReverseComparator2
Event: 107.083 loading class java/util/Collections$ReverseComparator2 done
Event: 108.593 loading class java/util/LinkedList$LLSpliterator
Event: 108.594 loading class java/util/LinkedList$LLSpliterator done
Event: 108.725 Thread 0x0000027ab1be43c0 Thread added: 0x0000027ab1be43c0
Event: 108.725 Thread 0x0000027ab1be6730 Thread added: 0x0000027ab1be6730
Event: 108.726 Thread 0x0000027ab1be2050 Thread added: 0x0000027ab1be2050
Event: 110.024 Thread 0x0000027ab1bdf2c0 Thread added: 0x0000027ab1bdf2c0
Event: 110.033 Thread 0x0000027ab1be2f80 Thread added: 0x0000027ab1be2f80
Event: 110.043 Thread 0x0000027ab1be3490 Thread added: 0x0000027ab1be3490


Dynamic libraries:
0x00007ff77dd80000 - 0x00007ff77dd8a000 	C:\Program Files\Android\Android Studio1\jbr\bin\java.exe
0x00007ff8ee890000 - 0x00007ff8eea88000 	C:\Windows\SYSTEM32\ntdll.dll
0x00007ff8ee780000 - 0x00007ff8ee842000 	C:\Windows\System32\KERNEL32.DLL
0x00007ff8ec4d0000 - 0x00007ff8ec7ce000 	C:\Windows\System32\KERNELBASE.dll
0x00007ff8ebfd0000 - 0x00007ff8ec0d0000 	C:\Windows\System32\ucrtbase.dll
0x00007ff8e1950000 - 0x00007ff8e196b000 	C:\Program Files\Android\Android Studio1\jbr\bin\VCRUNTIME140.dll
0x00007ff8e49e0000 - 0x00007ff8e49f7000 	C:\Program Files\Android\Android Studio1\jbr\bin\jli.dll
0x00007ff8ee0b0000 - 0x00007ff8ee24d000 	C:\Windows\System32\USER32.dll
0x00007ff8ec380000 - 0x00007ff8ec3a2000 	C:\Windows\System32\win32u.dll
0x00007ff8d75e0000 - 0x00007ff8d787a000 	C:\Windows\WinSxS\amd64_microsoft.windows.common-controls_6595b64144ccf1df_6.0.19041.4355_none_60b8b9eb71f62e16\COMCTL32.dll
0x00007ff8ee5b0000 - 0x00007ff8ee64e000 	C:\Windows\System32\msvcrt.dll
0x00007ff8edbe0000 - 0x00007ff8edc0b000 	C:\Windows\System32\GDI32.dll
0x00007ff8ec3b0000 - 0x00007ff8ec4c7000 	C:\Windows\System32\gdi32full.dll
0x00007ff8ebf30000 - 0x00007ff8ebfcd000 	C:\Windows\System32\msvcp_win.dll
0x00007ff8edcf0000 - 0x00007ff8edd1f000 	C:\Windows\System32\IMM32.DLL
0x00007ff8deec0000 - 0x00007ff8deecc000 	C:\Program Files\Android\Android Studio1\jbr\bin\vcruntime140_1.dll
0x00007ff8bdb20000 - 0x00007ff8bdbad000 	C:\Program Files\Android\Android Studio1\jbr\bin\msvcp140.dll
0x00007ff86a550000 - 0x00007ff86b1d3000 	C:\Program Files\Android\Android Studio1\jbr\bin\server\jvm.dll
0x00007ff8ec9f0000 - 0x00007ff8ecaa2000 	C:\Windows\System32\ADVAPI32.dll
0x00007ff8edf30000 - 0x00007ff8edfd0000 	C:\Windows\System32\sechost.dll
0x00007ff8edab0000 - 0x00007ff8edbd3000 	C:\Windows\System32\RPCRT4.dll
0x00007ff8ec880000 - 0x00007ff8ec8a7000 	C:\Windows\System32\bcrypt.dll
0x00007ff8eb4c0000 - 0x00007ff8eb50b000 	C:\Windows\SYSTEM32\POWRPROF.dll
0x00007ff8e39a0000 - 0x00007ff8e39c7000 	C:\Windows\SYSTEM32\WINMM.dll
0x00007ff8e62a0000 - 0x00007ff8e62aa000 	C:\Windows\SYSTEM32\VERSION.dll
0x00007ff8e1970000 - 0x00007ff8e1979000 	C:\Windows\SYSTEM32\WSOCK32.dll
0x00007ff8ee030000 - 0x00007ff8ee09b000 	C:\Windows\System32\WS2_32.dll
0x00007ff8eb330000 - 0x00007ff8eb342000 	C:\Windows\SYSTEM32\UMPDC.dll
0x00007ff8e9dd0000 - 0x00007ff8e9de2000 	C:\Windows\SYSTEM32\kernel.appcore.dll
0x00007ff8deeb0000 - 0x00007ff8deeba000 	C:\Program Files\Android\Android Studio1\jbr\bin\jimage.dll
0x00007ff8d5650000 - 0x00007ff8d5834000 	C:\Windows\SYSTEM32\DBGHELP.DLL
0x00007ff8d5610000 - 0x00007ff8d5644000 	C:\Windows\SYSTEM32\dbgcore.DLL
0x00007ff8ec2f0000 - 0x00007ff8ec372000 	C:\Windows\System32\bcryptPrimitives.dll
0x00007ff8e4a00000 - 0x00007ff8e4a0e000 	C:\Program Files\Android\Android Studio1\jbr\bin\instrument.dll
0x00007ff8dea10000 - 0x00007ff8dea35000 	C:\Program Files\Android\Android Studio1\jbr\bin\java.dll
0x00007ff8de9f0000 - 0x00007ff8dea08000 	C:\Program Files\Android\Android Studio1\jbr\bin\zip.dll
0x00007ff8ecb40000 - 0x00007ff8ed2af000 	C:\Windows\System32\SHELL32.dll
0x00007ff8e9fd0000 - 0x00007ff8ea774000 	C:\Windows\SYSTEM32\windows.storage.dll
0x00007ff8ee250000 - 0x00007ff8ee5a3000 	C:\Windows\System32\combase.dll
0x00007ff8eb960000 - 0x00007ff8eb98e000 	C:\Windows\SYSTEM32\Wldp.dll
0x00007ff8ed360000 - 0x00007ff8ed42d000 	C:\Windows\System32\OLEAUT32.dll
0x00007ff8ed990000 - 0x00007ff8eda3d000 	C:\Windows\System32\SHCORE.dll
0x00007ff8edd20000 - 0x00007ff8edd75000 	C:\Windows\System32\shlwapi.dll
0x00007ff8ebe60000 - 0x00007ff8ebe84000 	C:\Windows\SYSTEM32\profapi.dll
0x00007ff8dd970000 - 0x00007ff8dd989000 	C:\Program Files\Android\Android Studio1\jbr\bin\net.dll
0x00007ff8e5dc0000 - 0x00007ff8e5ecd000 	C:\Windows\SYSTEM32\WINHTTP.dll
0x00007ff8eb6c0000 - 0x00007ff8eb72a000 	C:\Windows\system32\mswsock.dll
0x00007ff8d6990000 - 0x00007ff8d69a6000 	C:\Program Files\Android\Android Studio1\jbr\bin\nio.dll
0x00007ff8e4a10000 - 0x00007ff8e4a20000 	C:\Program Files\Android\Android Studio1\jbr\bin\verify.dll
0x00007ff8dcff0000 - 0x00007ff8dd017000 	C:\Users\Usuario\.gradle\native\c067742578af261105cb4f569cf0c3c89f3d7b1fecec35dd04571415982c5e48\windows-amd64\native-platform.dll
0x00007ff8a3710000 - 0x00007ff8a3854000 	C:\Users\Usuario\.gradle\native\38dada09dfb8b06ba9b0570ebf7e218e3eb74d4ef43ca46872605cf95ebc2f47\windows-amd64\native-platform-file-events.dll
0x00007ff8e78b0000 - 0x00007ff8e78b9000 	C:\Program Files\Android\Android Studio1\jbr\bin\management.dll
0x00007ff8e4a20000 - 0x00007ff8e4a2b000 	C:\Program Files\Android\Android Studio1\jbr\bin\management_ext.dll
0x00007ff8edaa0000 - 0x00007ff8edaa8000 	C:\Windows\System32\PSAPI.DLL
0x00007ff8eb8b0000 - 0x00007ff8eb8c8000 	C:\Windows\SYSTEM32\CRYPTSP.dll
0x00007ff8eaf70000 - 0x00007ff8eafa4000 	C:\Windows\system32\rsaenh.dll
0x00007ff8ebde0000 - 0x00007ff8ebe0e000 	C:\Windows\SYSTEM32\USERENV.dll
0x00007ff8eb8d0000 - 0x00007ff8eb8dc000 	C:\Windows\SYSTEM32\CRYPTBASE.dll
0x00007ff8eb350000 - 0x00007ff8eb38b000 	C:\Windows\SYSTEM32\IPHLPAPI.DLL
0x00007ff8ed8a0000 - 0x00007ff8ed8a8000 	C:\Windows\System32\NSI.dll
0x00007ff8e6690000 - 0x00007ff8e66a7000 	C:\Windows\SYSTEM32\dhcpcsvc6.DLL
0x00007ff8e6e60000 - 0x00007ff8e6e7d000 	C:\Windows\SYSTEM32\dhcpcsvc.DLL
0x00007ff8eb3a0000 - 0x00007ff8eb46a000 	C:\Windows\SYSTEM32\DNSAPI.dll
0x00007ff8e78c0000 - 0x00007ff8e78c9000 	C:\Program Files\Android\Android Studio1\jbr\bin\extnet.dll
0x00007ff8de9d0000 - 0x00007ff8de9d7000 	C:\Windows\system32\wshunix.dll

dbghelp: loaded successfully - version: 4.0.5 - missing functions: none
symbol engine: initialized successfully - sym options: 0x614 - pdb path: .;C:\Program Files\Android\Android Studio1\jbr\bin;C:\Windows\SYSTEM32;C:\Windows\WinSxS\amd64_microsoft.windows.common-controls_6595b64144ccf1df_6.0.19041.4355_none_60b8b9eb71f62e16;C:\Program Files\Android\Android Studio1\jbr\bin\server;C:\Users\Usuario\.gradle\native\c067742578af261105cb4f569cf0c3c89f3d7b1fecec35dd04571415982c5e48\windows-amd64;C:\Users\Usuario\.gradle\native\38dada09dfb8b06ba9b0570ebf7e218e3eb74d4ef43ca46872605cf95ebc2f47\windows-amd64

VM Arguments:
jvm_args: --add-opens=java.base/java.util=ALL-UNNAMED --add-opens=java.base/java.lang=ALL-UNNAMED --add-opens=java.base/java.lang.invoke=ALL-UNNAMED --add-opens=java.prefs/java.util.prefs=ALL-UNNAMED --add-opens=java.base/java.nio.charset=ALL-UNNAMED --add-opens=java.base/java.net=ALL-UNNAMED --add-opens=java.base/java.util.concurrent.atomic=ALL-UNNAMED -Xmx2048m -Dfile.encoding=UTF-8 -Duser.country=AR -Duser.language=es -Duser.variant -javaagent:C:\Users\Usuario\.gradle\wrapper\dists\gradle-8.7-bin\bhs2wmbdwecv87pi65oeuq5iu\gradle-8.7\lib\agents\gradle-instrumentation-agent-8.7.jar 
java_command: org.gradle.launcher.daemon.bootstrap.GradleDaemon 8.7
java_class_path (initial): C:\Users\Usuario\.gradle\wrapper\dists\gradle-8.7-bin\bhs2wmbdwecv87pi65oeuq5iu\gradle-8.7\lib\gradle-launcher-8.7.jar
Launcher Type: SUN_STANDARD

[Global flags]
     intx CICompilerCount                          = 3                                         {product} {ergonomic}
     uint ConcGCThreads                            = 1                                         {product} {ergonomic}
     uint G1ConcRefinementThreads                  = 4                                         {product} {ergonomic}
   size_t G1HeapRegionSize                         = 1048576                                   {product} {ergonomic}
    uintx GCDrainStackTargetSize                   = 64                                        {product} {ergonomic}
   size_t InitialHeapSize                          = 125829120                                 {product} {ergonomic}
   size_t MarkStackSize                            = 4194304                                   {product} {ergonomic}
   size_t MaxHeapSize                              = 2147483648                                {product} {command line}
   size_t MaxNewSize                               = 1287651328                                {product} {ergonomic}
   size_t MinHeapDeltaBytes                        = 1048576                                   {product} {ergonomic}
   size_t MinHeapSize                              = 8388608                                   {product} {ergonomic}
    uintx NonNMethodCodeHeapSize                   = 5832780                                {pd product} {ergonomic}
    uintx NonProfiledCodeHeapSize                  = 122912730                              {pd product} {ergonomic}
    uintx ProfiledCodeHeapSize                     = 122912730                              {pd product} {ergonomic}
    uintx ReservedCodeCacheSize                    = 251658240                              {pd product} {ergonomic}
     bool SegmentedCodeCache                       = true                                      {product} {ergonomic}
   size_t SoftMaxHeapSize                          = 2147483648                             {manageable} {ergonomic}
     bool UseCompressedClassPointers               = true                           {product lp64_product} {ergonomic}
     bool UseCompressedOops                        = true                           {product lp64_product} {ergonomic}
     bool UseG1GC                                  = true                                      {product} {ergonomic}
     bool UseLargePagesIndividualAllocation        = false                                  {pd product} {ergonomic}

Logging:
Log output configuration:
 #0: stdout all=warning uptime,level,tags
 #1: stderr all=off uptime,level,tags

Environment Variables:
PATH=C:\Windows\system32;C:\Windows;C:\Windows\System32\Wbem;C:\Windows\System32\WindowsPowerShell\v1.0\;C:\Windows\System32\OpenSSH\;C:\Users\Usuario\AppData\Local\Programs\Python\Python312;C:\Users\Usuario\AppData\Local\Programs\Python\Python312\Scripts;C:\ProgramData\chocolatey\bin;C:\Program Files\Git\cmd;C:\Program Files\dotnet\;\Users\Usuario\AppData\Local\Programs\Python\Python311\;C:\Users\Usuario\AppData\Local\Programs\Microsoft VS Code\bin;C:\Users\Usuario\AppData\Local\Microsoft\WindowsApps;C:\Users\Usuario\AppData\Local\Muse Hub\lib
USERNAME=Usuario
OS=Windows_NT
PROCESSOR_IDENTIFIER=AMD64 Family 22 Model 0 Stepping 1, AuthenticAMD
TMP=C:\Users\Usuario\AppData\Local\Temp
TEMP=C:\Users\Usuario\AppData\Local\Temp



Periodic native trim disabled

JNI global refs:
JNI global refs: 25, weak refs: 0

JNI global refs memory usage: 843, weak refs: 841

Process memory usage:
Resident Set Size: 197664K (2% of 7796432K total physical memory with 94164K free physical memory)

OOME stack traces (most recent first):
Classloader memory used:
Loader org.gradle.internal.classloader.VisitableURLClassLoader                         : 3426K
Loader bootstrap                                                                       : 2457K
Loader org.gradle.initialization.MixInLegacyTypesClassLoader                           : 1103K
Loader jdk.internal.loader.ClassLoaders$PlatformClassLoader                            : 68792B
Loader jdk.internal.loader.ClassLoaders$AppClassLoader                                 : 28742B
Loader jdk.internal.reflect.DelegatingClassLoader                                      : 15841B
Loader org.gradle.internal.classloader.VisitableURLClassLoader                         : 14212B

Classes loaded by more than one classloader:
Class Program                                                                         : loaded 3 times (x 70B)
Class org.gradle.internal.classpath.ClassPath                                         : loaded 2 times (x 68B)
Class org.gradle.api.internal.classpath.DefaultModuleRegistry                         : loaded 2 times (x 84B)
Class Settings_gradle$1$1                                                             : loaded 2 times (x 72B)
Class org.gradle.api.Action                                                           : loaded 2 times (x 68B)
Class org.gradle.api.internal.DefaultClassPathProvider                                : loaded 2 times (x 74B)
Class org.gradle.internal.installation.GradleInstallation$1                           : loaded 2 times (x 73B)
Class org.gradle.internal.classloader.FilteringClassLoader                            : loaded 2 times (x 103B)
Class org.gradle.internal.classpath.DefaultClassPath$ImmutableUniqueList$Builder      : loaded 2 times (x 73B)
Class org.gradle.internal.classloader.ClassLoaderVisitor                              : loaded 2 times (x 74B)
Class org.gradle.internal.service.DefaultServiceLocator                               : loaded 2 times (x 81B)
Class org.gradle.internal.service.UnknownServiceException                             : loaded 2 times (x 81B)
Class org.gradle.internal.classloader.DefaultClassLoaderFactory                       : loaded 2 times (x 80B)
Class org.gradle.internal.classloader.VisitableURLClassLoader$Spec                    : loaded 2 times (x 72B)
Class org.gradle.api.GradleException                                                  : loaded 2 times (x 80B)
Class org.gradle.api.internal.classpath.ModuleRegistry                                : loaded 2 times (x 68B)
Class org.gradle.api.internal.ClassPathProvider                                       : loaded 2 times (x 68B)
Class org.gradle.internal.classloader.ClasspathUtil$1                                 : loaded 2 times (x 74B)
Class org.gradle.internal.classloader.ClassLoaderFactory                              : loaded 2 times (x 68B)
Class org.gradle.api.internal.classpath.ManifestUtil                                  : loaded 2 times (x 69B)
Class org.gradle.api.specs.Spec                                                       : loaded 2 times (x 68B)
Class org.gradle.internal.IoActions                                                   : loaded 2 times (x 69B)
Class org.gradle.api.internal.classpath.EffectiveClassPath                            : loaded 2 times (x 88B)
Class org.gradle.internal.installation.CurrentGradleInstallation                      : loaded 2 times (x 71B)
Class org.gradle.internal.agents.InstrumentingClassLoader                             : loaded 2 times (x 68B)
Class org.gradle.internal.installation.CurrentGradleInstallationLocator               : loaded 2 times (x 69B)
Class org.gradle.api.internal.classpath.Module                                        : loaded 2 times (x 68B)
Class org.gradle.internal.service.CachingServiceLocator                               : loaded 2 times (x 80B)
Class org.gradle.internal.classpath.DefaultClassPath                                  : loaded 2 times (x 88B)
Class org.gradle.internal.classloader.SystemClassLoaderSpec                           : loaded 2 times (x 69B)
Class org.gradle.api.UncheckedIOException                                             : loaded 2 times (x 80B)
Class org.gradle.internal.installation.GradleInstallation                             : loaded 2 times (x 73B)
Class org.gradle.internal.classloader.ClasspathUtil                                   : loaded 2 times (x 69B)
Class org.gradle.api.internal.DefaultClassPathRegistry                                : loaded 2 times (x 74B)
Class org.gradle.api.internal.classpath.DefaultModuleRegistry$DefaultModule           : loaded 2 times (x 84B)
Class org.gradle.api.internal.classpath.UnknownModuleException                        : loaded 2 times (x 80B)
Class org.gradle.internal.service.ServiceLookupException                              : loaded 2 times (x 80B)
Class org.gradle.cache.GlobalCache                                                    : loaded 2 times (x 68B)
Class [Lorg.gradle.api.internal.ClassPathProvider;                                    : loaded 2 times (x 67B)
Class org.gradle.util.internal.GUtil                                                  : loaded 2 times (x 69B)
Class org.gradle.internal.classloader.ClassLoaderSpec                                 : loaded 2 times (x 69B)
Class org.gradle.internal.classloader.VisitableURLClassLoader                         : loaded 2 times (x 115B)
Class org.gradle.internal.Cast                                                        : loaded 2 times (x 69B)
Class org.gradle.api.internal.ClassPathRegistry                                       : loaded 2 times (x 68B)
Class org.gradle.internal.classloader.VisitableURLClassLoader$InstrumentingVisitableURLClassLoader: loaded 2 times (x 121B)
Class org.gradle.internal.classloader.ClassLoaderHierarchy                            : loaded 2 times (x 68B)
Class org.gradle.internal.InternalTransformer                                         : loaded 2 times (x 68B)
Class org.gradle.internal.service.ServiceLocator                                      : loaded 2 times (x 68B)
Class Settings_gradle$1                                                               : loaded 2 times (x 72B)
Class org.gradle.internal.classpath.DefaultClassPath$ImmutableUniqueList              : loaded 2 times (x 159B)
Class org.gradle.internal.classpath.TransformedClassPath                              : loaded 2 times (x 94B)
Class Settings_gradle                                                                 : loaded 2 times (x 126B)


---------------  S Y S T E M  ---------------

OS:
 Windows 10 , 64 bit Build 19041 (10.0.19041.4957)
OS uptime: 13 days 8:34 hours

CPU: total 4 (initial active 4) (4 cores per cpu, 1 threads per core) family 22 model 0 stepping 1 microcode 0x0, cx8, cmov, fxsr, mmx, 3dnowpref, sse, sse2, sse3, ssse3, sse4a, sse4.1, sse4.2, popcnt, lzcnt, tsc, tscinvbit, avx, aes, clmul, bmi1, vzeroupper, clflush
Processor Information for all 4 processors :
  Max Mhz: 2050, Current Mhz: 2050, Mhz Limit: 2050

Memory: 4k page, system-wide physical 7613M (93M free)
TotalPageFile size 21852M (AvailPageFile size 8M)
current process WorkingSet (physical memory assigned to process): 193M, peak: 194M
current process commit charge ("private bytes"): 258M, peak: 261M

vm_info: OpenJDK 64-Bit Server VM (17.0.11+0--11852314) for windows-amd64 JRE (17.0.11+0--11852314), built on May 16 2024 21:29:20 by "androidbuild" with MS VC++ 16.10 / 16.11 (VS2019)

END.
